This is e-pTeX, Version 3.14159265-p3.7-160201-2.6 (utf8.euc) (TeX Live 2016) (preloaded format=platex 2016.9.5)  15 FEB 2017 15:15
entering extended mode
 restricted \write18 enabled.
 file:line:error style messages enabled.
 %&-line parsing enabled.
**Thesis.tex
(./Thesis.tex
pLaTeX2e <2016/05/07> (based on LaTeX2e <2016/03/31>)
Babel <3.9r> and hyphenation patterns for 83 language(s) loaded.
(/usr/local/texlive/2016/texmf-dist/tex/platex/base/jreport.cls
Document Class: jreport 2006/06/27 v1.6 Standard pLaTeX class
\c@@paper=\count81
(/usr/local/texlive/2016/texmf-dist/tex/platex/base/jsize12.clo
File: jsize12.clo 2006/06/27 v1.6 Standard pLaTeX file (size option)
)
\c@part=\count82
\c@chapter=\count83
\c@section=\count84
\c@subsection=\count85
\c@subsubsection=\count86
\c@paragraph=\count87
\c@subparagraph=\count88
\c@figure=\count89
\c@table=\count90
\abovecaptionskip=\skip41
\belowcaptionskip=\skip42
\symmincho=\mathgroup4
LaTeX Font Info:    Overwriting symbol font `mincho' in version `bold'
(Font)                  JY1/mc/m/n --> JY1/gt/m/n on input line 669.
\toclineskip=\dimen118
\@lnumwidth=\dimen119
\bibindent=\dimen120
\heisei=\count91
)
(/usr/local/texlive/2016/texmf-dist/tex/latex/graphics/graphicx.sty
Package: graphicx 2014/10/28 v1.0g Enhanced LaTeX Graphics (DPC,SPQR)

(/usr/local/texlive/2016/texmf-dist/tex/latex/graphics/keyval.sty
Package: keyval 2014/10/28 v1.15 key=value parser (DPC)
\KV@toks@=\toks15
)
(/usr/local/texlive/2016/texmf-dist/tex/latex/graphics/graphics.sty
Package: graphics 2016/05/09 v1.0r Standard LaTeX Graphics (DPC,SPQR)

(/usr/local/texlive/2016/texmf-dist/tex/latex/graphics/trig.sty
Package: trig 2016/01/03 v1.10 sin cos tan (DPC)
)
(/usr/local/texlive/2016/texmf-dist/tex/latex/graphics-cfg/graphics.cfg
File: graphics.cfg 2016/01/02 v1.10 sample graphics configuration
)
Package graphics Info: Driver file: dvipdfmx.def on input line 96.

(/usr/local/texlive/2016/texmf-dist/tex/latex/dvipdfmx-def/dvipdfmx.def
File: dvipdfmx.def 2016/04/06 v4.08 LaTeX color/graphics driver for dvipdfmx (T
eX Live/ChoF)

(/usr/local/texlive/2016/texmf-dist/tex/generic/oberdiek/infwarerr.sty
Package: infwarerr 2016/05/16 v1.4 Providing info/warning/error messages (HO)
)
(/usr/local/texlive/2016/texmf-dist/tex/generic/oberdiek/ltxcmds.sty
Package: ltxcmds 2016/05/16 v1.23 LaTeX kernel commands for general use (HO)
)))
\Gin@req@height=\dimen121
\Gin@req@width=\dimen122
)
(/usr/local/texlive/2016/texmf-dist/tex/latex/amsmath/amsmath.sty
Package: amsmath 2016/03/10 v2.15b AMS math features
\@mathmargin=\skip43

For additional information on amsmath, use the `?' option.
(/usr/local/texlive/2016/texmf-dist/tex/latex/amsmath/amstext.sty
Package: amstext 2000/06/29 v2.01 AMS text

(/usr/local/texlive/2016/texmf-dist/tex/latex/amsmath/amsgen.sty
File: amsgen.sty 1999/11/30 v2.0 generic functions
\@emptytoks=\toks16
\ex@=\dimen123
))
(/usr/local/texlive/2016/texmf-dist/tex/latex/amsmath/amsbsy.sty
Package: amsbsy 1999/11/29 v1.2d Bold Symbols
\pmbraise@=\dimen124
)
(/usr/local/texlive/2016/texmf-dist/tex/latex/amsmath/amsopn.sty
Package: amsopn 2016/03/08 v2.02 operator names
)
\inf@bad=\count92
LaTeX Info: Redefining \frac on input line 199.
\uproot@=\count93
\leftroot@=\count94
LaTeX Info: Redefining \overline on input line 297.
\classnum@=\count95
\DOTSCASE@=\count96
LaTeX Info: Redefining \ldots on input line 394.
LaTeX Info: Redefining \dots on input line 397.
LaTeX Info: Redefining \cdots on input line 518.
\Mathstrutbox@=\box41
\strutbox@=\box42
\big@size=\dimen125
LaTeX Font Info:    Redeclaring font encoding OML on input line 634.
LaTeX Font Info:    Redeclaring font encoding OMS on input line 635.
\macc@depth=\count97
\c@MaxMatrixCols=\count98
\dotsspace@=\muskip10
\c@parentequation=\count99
\dspbrk@lvl=\count100
\tag@help=\toks17
\row@=\count101
\column@=\count102
\maxfields@=\count103
\andhelp@=\toks18
\eqnshift@=\dimen126
\alignsep@=\dimen127
\tagshift@=\dimen128
\tagwidth@=\dimen129
\totwidth@=\dimen130
\lineht@=\dimen131
\@envbody=\toks19
\multlinegap=\skip44
\multlinetaggap=\skip45
\mathdisplay@stack=\toks20
LaTeX Info: Redefining \[ on input line 2739.
LaTeX Info: Redefining \] on input line 2740.
)
(/usr/local/texlive/2016/texmf-dist/tex/latex/setspace/setspace.sty
Package: setspace 2011/12/19 v6.7a set line spacing
)
(/usr/local/texlive/2016/texmf-dist/tex/latex/amsfonts/amssymb.sty
Package: amssymb 2013/01/14 v3.01 AMS font symbols

(/usr/local/texlive/2016/texmf-dist/tex/latex/amsfonts/amsfonts.sty
Package: amsfonts 2013/01/14 v3.01 Basic AMSFonts support
\symAMSa=\mathgroup5
\symAMSb=\mathgroup6
LaTeX Font Info:    Overwriting math alphabet `\mathfrak' in version `bold'
(Font)                  U/euf/m/n --> U/euf/b/n on input line 106.
))
(/usr/local/texlive/2016/texmf-dist/tex/platex/base/ascmac.sty
Package: ascmac 2016/04/15 v2.0b ascmac wrapper (community edition) 

(/usr/local/texlive/2016/texmf-dist/tex/platex/base/tascmac.sty
Package: tascmac 2016/04/15 v2.0b ascmac package (community edition) 
\@savetbaselineshift=\dimen132
\@saveybaselineshift=\dimen133
\scb@x=\box43
\scscb@x=\box44
\@bw=\dimen134
\@nbox=\box45
\@nbody=\box46
\@scw=\dimen135
\@itemh=\dimen136
\@iboxpos=\toks21
\@iboxstr=\box47
\@bwsp=\box48
\@@bwsp=\box49
\@bcal=\count104
\shaderule=\dimen137
))
(/usr/local/texlive/2016/texmf-dist/tex/latex/framed/framed.sty
Package: framed 2011/10/22 v 0.96: framed or shaded text with page breaks
\OuterFrameSep=\skip46
\fb@frw=\dimen138
\fb@frh=\dimen139
\FrameRule=\dimen140
\FrameSep=\dimen141
)
(/usr/local/texlive/2016/texmf-dist/tex/latex/url/url.sty
\Urlmuskip=\muskip11
Package: url 2013/09/16  ver 3.4  Verb mode for urls, etc.
)
(/usr/local/texlive/2016/texmf-dist/tex/latex/caption/subcaption.sty
Package: subcaption 2016/02/20 v1.1-142 Sub-captions (AR)

(/usr/local/texlive/2016/texmf-dist/tex/latex/caption/caption.sty
Package: caption 2016/02/21 v3.3-144 Customizing captions (AR)

(/usr/local/texlive/2016/texmf-dist/tex/latex/caption/caption3.sty
Package: caption3 2016/02/04 v1.7-139 caption3 kernel (AR)
Package caption3 Info: TeX engine: e-TeX on input line 67.
\captionmargin=\dimen142
\captionmargin@=\dimen143
\captionwidth=\dimen144
\caption@tempdima=\dimen145
\caption@indent=\dimen146
\caption@parindent=\dimen147
\caption@hangindent=\dimen148
Package caption Info: Unknown document class (or package),
(caption)             standard defaults will be used.
)

Package caption Warning: Unsupported document class (or package) detected,
(caption)                usage of the caption package is not recommended.
See the caption package documentation for explanation.

Package caption Info: \@makecaption = \long macro:#1#2->\vskip \abovecaptionski
p \iftdir \sbox \@tempboxa {#1\hskip 1zw#2}\else \sbox \@tempboxa {#1: #2}\fi \
ifdim \wd \@tempboxa >\hsize \iftdir #1\hskip 1zw#2\relax \par \else #1: #2\rel
ax \par \fi \else \global \@minipagefalse \hbox to\hsize {\hfil \box \@tempboxa
 \hfil }\fi \vskip \belowcaptionskip .
\c@ContinuedFloat=\count105
)
\c@subfigure=\count106
\c@subtable=\count107
) (/usr/local/texlive/2016/texmf-dist/tex/latex/here/here.sty)
(/usr/local/texlive/2016/texmf-dist/tex/latex/float/float.sty
Package: float 2001/11/08 v1.3d Float enhancements (AL)
\c@float@type=\count108
\float@exts=\toks22
\float@box=\box50
\@float@everytoks=\toks23
\@floatcapt=\box51
)
(/usr/local/texlive/2016/texmf-dist/tex/latex/comment/comment.sty
\CommentStream=\write3

Excluding comment 'comment')

LaTeX Warning: Unused global option(s):
    [a4].

(./Thesis.aux

LaTeX Warning: Label `eq:refraction5' multiply defined.

)
\openout1 = `Thesis.aux'.

LaTeX Font Info:    Checking defaults for OML/cmm/m/it on input line 70.
LaTeX Font Info:    ... okay on input line 70.
LaTeX Font Info:    Checking defaults for T1/cmr/m/n on input line 70.
LaTeX Font Info:    ... okay on input line 70.
LaTeX Font Info:    Checking defaults for OT1/cmr/m/n on input line 70.
LaTeX Font Info:    ... okay on input line 70.
LaTeX Font Info:    Checking defaults for OMS/cmsy/m/n on input line 70.
LaTeX Font Info:    ... okay on input line 70.
LaTeX Font Info:    Checking defaults for OMX/cmex/m/n on input line 70.
LaTeX Font Info:    ... okay on input line 70.
LaTeX Font Info:    Checking defaults for U/cmr/m/n on input line 70.
LaTeX Font Info:    ... okay on input line 70.
LaTeX Font Info:    Checking defaults for JY1/mc/m/n on input line 70.
LaTeX Font Info:    ... okay on input line 70.
LaTeX Font Info:    Checking defaults for JT1/mc/m/n on input line 70.
LaTeX Font Info:    ... okay on input line 70.
Package caption Info: Begin \AtBeginDocument code.
Package caption Info: float package is loaded.
Package caption Info: End \AtBeginDocument code.
LaTeX Font Info:    Try loading font information for U+msa on input line 71.
 (/usr/local/texlive/2016/texmf-dist/tex/latex/amsfonts/umsa.fd
File: umsa.fd 2013/01/14 v3.01 AMS symbols A
)
LaTeX Font Info:    Try loading font information for U+msb on input line 71.

(/usr/local/texlive/2016/texmf-dist/tex/latex/amsfonts/umsb.fd
File: umsb.fd 2013/01/14 v3.01 AMS symbols B
) [1

]
(../abstract/abstract.tex
LaTeX Font Info:    Font shape `JT1/mc/bx/n' in size <12> not available
(Font)              Font shape `JT1/gt/m/n' tried instead on input line 1.
LaTeX Font Info:    Font shape `JY1/mc/bx/n' in size <12> not available
(Font)              Font shape `JY1/gt/m/n' tried instead on input line 1.
 [1])
LaTeX Font Info:    Font shape `JT1/mc/bx/n' in size <24.88> not available
(Font)              Font shape `JT1/gt/m/n' tried instead on input line 78.
LaTeX Font Info:    Font shape `JY1/mc/bx/n' in size <24.88> not available
(Font)              Font shape `JY1/gt/m/n' tried instead on input line 78.
 (./Thesis.toc [1

])
\tf@toc=\write4
\openout4 = `Thesis.toc'.

 (../intro/intro.tex [2]
第 1 章
) (../background/background.tex [3

]
第 2 章
LaTeX Font Info:    Font shape `JT1/mc/bx/n' in size <17.28> not available
(Font)              Font shape `JT1/gt/m/n' tried instead on input line 4.
LaTeX Font Info:    Font shape `JY1/mc/bx/n' in size <17.28> not available
(Font)              Font shape `JY1/gt/m/n' tried instead on input line 4.

LaTeX Font Warning: Font shape `JT1/gt/m/it' undefined
(Font)              using `JT1/gt/m/n' instead on input line 5.


LaTeX Font Warning: Font shape `JY1/gt/m/it' undefined
(Font)              using `JY1/gt/m/n' instead on input line 5.

File: ../background/lambdasin.png Graphic file (type bmp)
<../background/lambdasin.png> [4

]
File: ../background/tminute2.png Graphic file (type bmp)
 <../background/tminute2.png>
File: ../background/t+1minute2.png Graphic file (type bmp)

<../background/t+1minute2.png> [5]
File: ../background/dislam1.png Graphic file (type bmp)
 <../background/dislam1.png> [6]
File: ../background/tezyun1.png Graphic file (type bmp)

<../background/tezyun1.png> [7]
File: ../background/timeadjust.png Graphic file (type bmp)
 <../background/timeadjust.png> [8]
File: ../background/synwave1.png Graphic file (type bmp)

<../background/synwave1.png>
File: ../background/synwave2.png Graphic file (type bmp)
 <../background/synwave2.png>
File: ../background/synwave3.png Graphic file (type bmp)

<../background/synwave3.png> [9]
File: ../background/hoihens1.png Graphic file (type bmp)
 <../background/hoihens1.png>
File: ../background/hoihens2.png Graphic file (type bmp)

<../background/hoihens2.png> [10]
File: ../background/reflection1.png Graphic file (type bmp)
 <../background/reflection1.png>
File: ../background/backrefraction.png Graphic file (type bmp)

<../background/backrefraction.png> [11] [12]
LaTeX Font Info:    Font shape `JT1/mc/bx/n' in size <14.4> not available
(Font)              Font shape `JT1/gt/m/n' tried instead on input line 261.
LaTeX Font Info:    Font shape `JY1/mc/bx/n' in size <14.4> not available
(Font)              Font shape `JY1/gt/m/n' tried instead on input line 261.
File: ../background/difraction2.png Graphic file (type bmp)
 <../background/difraction2.png>
File: ../background/difraction1.png Graphic file (type bmp)

<../background/difraction1.png> [13]) (../result/result.tex [14]
第 3 章
File: ../result/4wave.png Graphic file (type bmp)
<../result/4wave.png> [15

]
File: ../result/0wave.png Graphic file (type bmp)
 <../result/0wave.png>
File: ../result/wave.png Graphic file (type bmp)
 <../result/wave.png> [16]
File: ../result/wavechangelambda.png Graphic file (type bmp)

<../result/wavechangelambda.png> [17]
File: ../result/5wave.png Graphic file (type bmp)
 <../result/5wave.png>
File: ../result/drawmode.png Graphic file (type bmp)

<../result/drawmode.png>
File: ../result/checkmode.png Graphic file (type bmp)
 <../result/checkmode.png> [18]
File: ../result/diffractiondemo.png Graphic file (type bmp)

<../result/diffractiondemo.png> [19]
File: ../result/diffractionstart1.png Graphic file (type bmp)
 <../result/diffractionstart1.png>
File: ../result/diffractionstart2.png Graphic file (type bmp)

<../result/diffractionstart2.png>
File: ../result/diffraction1.png Graphic file (type bmp)
 <../result/diffraction1.png>
File: ../result/diffraction2.png Graphic file (type bmp)

<../result/diffraction2.png> [20]
File: ../result/diffraction3.png Graphic file (type bmp)
 <../result/diffraction3.png>
File: ../result/diffraction4.png Graphic file (type bmp)

<../result/diffraction4.png> Excluding 'comment' comment.)
(../implement/implement.tex [21]
第 4 章
[22

]
File: ../implement/miss_draw.png Graphic file (type bmp)
 <../implement/miss_draw.png>
Overfull \hbox (3.44098pt too wide) in paragraph at lines 35--36
\JY1/mc/m/n/12 各擬似ピクセルとの距離を計算し\OT1/cmr/m/n/12 , \JY1/mc/m/n/12 
各擬似ピクセルに対応した配列 \OT1/cmr/m/n/12 (point[]distance[i][j])
 []

[23]
File: ../implement/1pxcel.png Graphic file (type bmp)
 <../implement/1pxcel.png> [24]
File: ../implement/2pxcel.png Graphic file (type bmp)
 <../implement/2pxcel.png> [25]
File: ../implement/pointregulation1.png Graphic file (type bmp)

<../implement/pointregulation1.png>
File: ../implement/pointregulation8.png Graphic file (type bmp)
 <../implement/pointregulation8.png>
[26]
File: ../implement/hsb.png Graphic file (type bmp)
 <../implement/hsb.png> [27] [28] [29]
Overfull \hbox (9.4282pt too wide) in paragraph at lines 192--193
[]\OT1/cmr/m/n/12 2.3 \JY1/mc/m/n/12 の方法で任意の擬似ピクセル上の変位計算を行
うためのメンバ関数\OT1/cmr/m/n/12 ,now[]displacement[]y
 []

[30] [31]
Underfull \vbox (badness 10000) detected at line 298
 []


Underfull \vbox (badness 10000) detected at line 298
 []

[32] [33] [34]) (../considaration/considaration.tex [35]
第 5 章
File: ../result/reflectionsetumei.png Graphic file (type bmp)
<../result/reflectionsetumei.png> [36

]
File: ../result/reflectionincident.png Graphic file (type bmp)
 <../result/reflectionincident.png>
File: ../result/reflectionangle20.png Graphic file (type bmp)

<../result/reflectionangle20.png>
File: ../result/finishreflectionangle20.png Graphic file (type bmp)
 <../result/finishreflectionangle20.png>
File: ../result/finishreflectionangle40.png Graphic file (type bmp)

<../result/finishreflectionangle40.png> [37]
File: ../result/refractionangle3015.png Graphic file (type bmp)

<../result/refractionangle3015.png> [38]
File: ../considaration/angle40.png Graphic file (type bmp)
 <../considaration/angle40.png>
File: ../considaration/angle50.png Graphic file (type bmp)

<../considaration/angle50.png>
File: ../considaration/angle50time.png Graphic file (type bmp)
 <../considaration/angle50time.png> [39]
File: ../considaration/pixcelproblem.png Graphic file (type bmp)

<../considaration/pixcelproblem.png>) (../summary/summary.tex [40]
第 6 章
) (../appreciate/appreciate.tex [41

]) [42

]
Underfull \hbox (badness 2435) in paragraph at lines 96--97
[] \JY1/mc/m/n/12 「 教育の情報化ビジ ョ ン ～２１世紀にふさわしい学びと学校の
創造を目指し
 []

[43

] (./Thesis.aux)

LaTeX Font Warning: Some font shapes were not available, defaults substituted.


LaTeX Warning: There were multiply-defined labels.

 ) 
Here is how much of TeX's memory you used:
 3443 strings out of 493693
 51525 string characters out of 6149788
 124136 words of memory out of 5000000
 6884 multiletter control sequences out of 15000+600000
 21566 words of font info for 87 fonts, out of 8000000 for 9000
 929 hyphenation exceptions out of 8191
 42i,8n,40p,512b,534s stack positions out of 5000i,500n,10000p,200000b,80000s

Output written on Thesis.dvi (45 pages, 80452 bytes).
